# JRE version: OpenJDK Runtime Environment (11.0.8+10) (build 11.0.8+10-b944.6842174)
# Java VM: OpenJDK 64-Bit Server VM (11.0.8+10-b944.6842174, mixed mode, tiered, compressed oops, g1 gc, windows-amd64)
Heap:
 garbage-first heap   total 227328K, used 159169K [0x0000000080000000, 0x0000000100000000)
  region size 1024K, 84 young (86016K), 14 survivors (14336K)
 Metaspace       used 88761K, capacity 90995K, committed 91212K, reserved 1128448K
  class space    used 11675K, capacity 12524K, committed 12620K, reserved 1048576K
GC Heap History (20 events):
Event: 6.560 GC heap before
{Heap before GC invocations=7 (full 0):
 garbage-first heap   total 157696K, used 67509K [0x0000000080000000, 0x0000000100000000)
  region size 1024K, 52 young (53248K), 3 survivors (3072K)
 Metaspace       used 35118K, capacity 35773K, committed 35840K, reserved 1081344K
  class space    used 4571K, capacity 4856K, committed 4864K, reserved 1048576K
}
Event: 6.573 GC heap after
{Heap after GC invocations=8 (full 0):
 garbage-first heap   total 157696K, used 21513K [0x0000000080000000, 0x0000000100000000)
  region size 1024K, 6 young (6144K), 6 survivors (6144K)
 Metaspace       used 35118K, capacity 35773K, committed 35840K, reserved 1081344K
  class space    used 4571K, capacity 4856K, committed 4864K, reserved 1048576K
}
Event: 7.701 GC heap before
{Heap before GC invocations=9 (full 0):
 garbage-first heap   total 157696K, used 91145K [0x0000000080000000, 0x0000000100000000)
  region size 1024K, 71 young (72704K), 6 survivors (6144K)
 Metaspace       used 41415K, capacity 42241K, committed 42368K, reserved 1085440K
  class space    used 5319K, capacity 5642K, committed 5760K, reserved 1048576K
}
Event: 7.716 GC heap after
{Heap after GC invocations=10 (full 0):
 garbage-first heap   total 157696K, used 24815K [0x0000000080000000, 0x0000000100000000)
  region size 1024K, 7 young (7168K), 7 survivors (7168K)
 Metaspace       used 41415K, capacity 42241K, committed 42368K, reserved 1085440K
  class space    used 5319K, capacity 5642K, committed 5760K, reserved 1048576K
}
Event: 8.928 GC heap before
{Heap before GC invocations=10 (full 0):
 garbage-first heap   total 157696K, used 101615K [0x0000000080000000, 0x0000000100000000)
  region size 1024K, 80 young (81920K), 7 survivors (7168K)
 Metaspace       used 44909K, capacity 46081K, committed 46336K, reserved 1089536K
  class space    used 5762K, capacity 6138K, committed 6144K, reserved 1048576K
}
Event: 8.950 GC heap after
{Heap after GC invocations=11 (full 0):
 garbage-first heap   total 157696K, used 36209K [0x0000000080000000, 0x0000000100000000)
  region size 1024K, 10 young (10240K), 10 survivors (10240K)
 Metaspace       used 44909K, capacity 46081K, committed 46336K, reserved 1089536K
  class space    used 5762K, capacity 6138K, committed 6144K, reserved 1048576K
}
Event: 10.585 GC heap before
{Heap before GC invocations=11 (full 0):
 garbage-first heap   total 157696K, used 113009K [0x0000000080000000, 0x0000000100000000)
  region size 1024K, 85 young (87040K), 10 survivors (10240K)
 Metaspace       used 55901K, capacity 57212K, committed 57344K, reserved 1099776K
  class space    used 7107K, capacity 7589K, committed 7680K, reserved 1048576K
}
Event: 10.604 GC heap after
{Heap after GC invocations=12 (full 0):
 garbage-first heap   total 189440K, used 41544K [0x0000000080000000, 0x0000000100000000)
  region size 1024K, 5 young (5120K), 5 survivors (5120K)
 Metaspace       used 55901K, capacity 57212K, committed 57344K, reserved 1099776K
  class space    used 7107K, capacity 7589K, committed 7680K, reserved 1048576K
}
Event: 11.221 GC heap before
{Heap before GC invocations=12 (full 0):
 garbage-first heap   total 189440K, used 69192K [0x0000000080000000, 0x0000000100000000)
  region size 1024K, 33 young (33792K), 5 survivors (5120K)
 Metaspace       used 58753K, capacity 60137K, committed 60160K, reserved 1101824K
  class space    used 7430K, capacity 7931K, committed 7936K, reserved 1048576K
}
Event: 11.237 GC heap after
{Heap after GC invocations=13 (full 0):
 garbage-first heap   total 189440K, used 43548K [0x0000000080000000, 0x0000000100000000)
  region size 1024K, 7 young (7168K), 7 survivors (7168K)
 Metaspace       used 58753K, capacity 60137K, committed 60160K, reserved 1101824K
  class space    used 7430K, capacity 7931K, committed 7936K, reserved 1048576K
}
Event: 12.727 GC heap before
{Heap before GC invocations=14 (full 0):
 garbage-first heap   total 189440K, used 121372K [0x0000000080000000, 0x0000000100000000)
  region size 1024K, 83 young (84992K), 7 survivors (7168K)
 Metaspace       used 65490K, capacity 67008K, committed 67276K, reserved 1107968K
  class space    used 8529K, capacity 9079K, committed 9164K, reserved 1048576K
}
Event: 12.748 GC heap after
{Heap after GC invocations=15 (full 0):
 garbage-first heap   total 189440K, used 47852K [0x0000000080000000, 0x0000000100000000)
  region size 1024K, 8 young (8192K), 8 survivors (8192K)
 Metaspace       used 65490K, capacity 67008K, committed 67276K, reserved 1107968K
  class space    used 8529K, capacity 9079K, committed 9164K, reserved 1048576K
}
Event: 14.482 GC heap before
{Heap before GC invocations=15 (full 0):
 garbage-first heap   total 189440K, used 125676K [0x0000000080000000, 0x0000000100000000)
  region size 1024K, 85 young (87040K), 8 survivors (8192K)
 Metaspace       used 74430K, capacity 76163K, committed 76492K, reserved 1116160K
  class space    used 9743K, capacity 10368K, committed 10444K, reserved 1048576K
}
Event: 14.505 GC heap after
{Heap after GC invocations=16 (full 0):
 garbage-first heap   total 189440K, used 53565K [0x0000000080000000, 0x0000000100000000)
  region size 1024K, 11 young (11264K), 11 survivors (11264K)
 Metaspace       used 74430K, capacity 76163K, committed 76492K, reserved 1116160K
  class space    used 9743K, capacity 10368K, committed 10444K, reserved 1048576K
}
Event: 16.330 GC heap before
{Heap before GC invocations=16 (full 0):
 garbage-first heap   total 189440K, used 132413K [0x0000000080000000, 0x0000000100000000)
  region size 1024K, 89 young (91136K), 11 survivors (11264K)
 Metaspace       used 76040K, capacity 77918K, committed 78156K, reserved 1116160K
  class space    used 9888K, capacity 10535K, committed 10572K, reserved 1048576K
}
Event: 16.358 GC heap after
{Heap after GC invocations=17 (full 0):
 garbage-first heap   total 227328K, used 58079K [0x0000000080000000, 0x0000000100000000)
  region size 1024K, 10 young (10240K), 10 survivors (10240K)
 Metaspace       used 76040K, capacity 77918K, committed 78156K, reserved 1116160K
  class space    used 9888K, capacity 10535K, committed 10572K, reserved 1048576K
}
Event: 18.919 GC heap before
{Heap before GC invocations=17 (full 0):
 garbage-first heap   total 227328K, used 154335K [0x0000000080000000, 0x0000000100000000)
  region size 1024K, 105 young (107520K), 10 survivors (10240K)
 Metaspace       used 80749K, capacity 82680K, committed 82892K, reserved 1120256K
  class space    used 10455K, capacity 11127K, committed 11212K, reserved 1048576K
}
Event: 18.946 GC heap after
{Heap after GC invocations=18 (full 0):
 garbage-first heap   total 227328K, used 63844K [0x0000000080000000, 0x0000000100000000)
  region size 1024K, 11 young (11264K), 11 survivors (11264K)
 Metaspace       used 80749K, capacity 82680K, committed 82892K, reserved 1120256K
  class space    used 10455K, capacity 11127K, committed 11212K, reserved 1048576K
}
Event: 21.680 GC heap before
{Heap before GC invocations=18 (full 0):
 garbage-first heap   total 227328K, used 180580K [0x0000000080000000, 0x0000000100000000)
  region size 1024K, 112 young (114688K), 11 survivors (11264K)
 Metaspace       used 86162K, capacity 88173K, committed 88396K, reserved 1126400K
  class space    used 11306K, capacity 12017K, committed 12108K, reserved 1048576K
}
Event: 21.728 GC heap after
{Heap after GC invocations=19 (full 0):
 garbage-first heap   total 227328K, used 89537K [0x0000000080000000, 0x0000000100000000)
  region size 1024K, 14 young (14336K), 14 survivors (14336K)
 Metaspace       used 86162K, capacity 88173K, committed 88396K, reserved 1126400K
  class space    used 11306K, capacity 12017K, committed 12108K, reserved 1048576K
}

