# JRE version: OpenJDK Runtime Environment (11.0.8+10) (build 11.0.8+10-b944.6842174)
# Java VM: OpenJDK 64-Bit Server VM (11.0.8+10-b944.6842174, mixed mode, tiered, compressed oops, g1 gc, windows-amd64)
Heap:
 garbage-first heap   total 235520K, used 111616K [0x0000000080000000, 0x0000000100000000)
  region size 1024K, 6 young (6144K), 3 survivors (3072K)
 Metaspace       used 89002K, capacity 91127K, committed 91212K, reserved 1128448K
  class space    used 11576K, capacity 12304K, committed 12364K, reserved 1048576K
GC Heap History (20 events):
Event: 5.778 GC heap before
{Heap before GC invocations=7 (full 0):
 garbage-first heap   total 157696K, used 59358K [0x0000000080000000, 0x0000000100000000)
  region size 1024K, 47 young (48128K), 6 survivors (6144K)
 Metaspace       used 35096K, capacity 35737K, committed 35840K, reserved 1081344K
  class space    used 4564K, capacity 4824K, committed 4864K, reserved 1048576K
}
Event: 5.794 GC heap after
{Heap after GC invocations=8 (full 0):
 garbage-first heap   total 157696K, used 21477K [0x0000000080000000, 0x0000000100000000)
  region size 1024K, 6 young (6144K), 6 survivors (6144K)
 Metaspace       used 35096K, capacity 35737K, committed 35840K, reserved 1081344K
  class space    used 4564K, capacity 4824K, committed 4864K, reserved 1048576K
}
Event: 6.936 GC heap before
{Heap before GC invocations=9 (full 0):
 garbage-first heap   total 157696K, used 92133K [0x0000000080000000, 0x0000000100000000)
  region size 1024K, 72 young (73728K), 6 survivors (6144K)
 Metaspace       used 41480K, capacity 42301K, committed 42624K, reserved 1085440K
  class space    used 5327K, capacity 5642K, committed 5760K, reserved 1048576K
}
Event: 6.951 GC heap after
{Heap after GC invocations=10 (full 0):
 garbage-first heap   total 157696K, used 24822K [0x0000000080000000, 0x0000000100000000)
  region size 1024K, 7 young (7168K), 7 survivors (7168K)
 Metaspace       used 41480K, capacity 42301K, committed 42624K, reserved 1085440K
  class space    used 5327K, capacity 5642K, committed 5760K, reserved 1048576K
}
Event: 8.177 GC heap before
{Heap before GC invocations=10 (full 0):
 garbage-first heap   total 157696K, used 100598K [0x0000000080000000, 0x0000000100000000)
  region size 1024K, 79 young (80896K), 7 survivors (7168K)
 Metaspace       used 44938K, capacity 46090K, committed 46336K, reserved 1089536K
  class space    used 5766K, capacity 6143K, committed 6144K, reserved 1048576K
}
Event: 8.197 GC heap after
{Heap after GC invocations=11 (full 0):
 garbage-first heap   total 189440K, used 35660K [0x0000000080000000, 0x0000000100000000)
  region size 1024K, 10 young (10240K), 10 survivors (10240K)
 Metaspace       used 44938K, capacity 46090K, committed 46336K, reserved 1089536K
  class space    used 5766K, capacity 6143K, committed 6144K, reserved 1048576K
}
Event: 9.901 GC heap before
{Heap before GC invocations=11 (full 0):
 garbage-first heap   total 189440K, used 123724K [0x0000000080000000, 0x0000000100000000)
  region size 1024K, 97 young (99328K), 10 survivors (10240K)
 Metaspace       used 57126K, capacity 58563K, committed 58752K, reserved 1099776K
  class space    used 7268K, capacity 7758K, committed 7808K, reserved 1048576K
}
Event: 9.921 GC heap after
{Heap after GC invocations=12 (full 0):
 garbage-first heap   total 189440K, used 42550K [0x0000000080000000, 0x0000000100000000)
  region size 1024K, 6 young (6144K), 6 survivors (6144K)
 Metaspace       used 57126K, capacity 58563K, committed 58752K, reserved 1099776K
  class space    used 7268K, capacity 7758K, committed 7808K, reserved 1048576K
}
Event: 10.261 GC heap before
{Heap before GC invocations=12 (full 0):
 garbage-first heap   total 189440K, used 58934K [0x0000000080000000, 0x0000000100000000)
  region size 1024K, 22 young (22528K), 6 survivors (6144K)
 Metaspace       used 58731K, capacity 60140K, committed 60160K, reserved 1101824K
  class space    used 7425K, capacity 7934K, committed 7936K, reserved 1048576K
}
Event: 10.277 GC heap after
{Heap after GC invocations=13 (full 0):
 garbage-first heap   total 189440K, used 43723K [0x0000000080000000, 0x0000000100000000)
  region size 1024K, 7 young (7168K), 7 survivors (7168K)
 Metaspace       used 58731K, capacity 60140K, committed 60160K, reserved 1101824K
  class space    used 7425K, capacity 7934K, committed 7936K, reserved 1048576K
}
Event: 11.957 GC heap before
{Heap before GC invocations=14 (full 0):
 garbage-first heap   total 189440K, used 136907K [0x0000000080000000, 0x0000000100000000)
  region size 1024K, 98 young (100352K), 7 survivors (7168K)
 Metaspace       used 66560K, capacity 68181K, committed 68428K, reserved 1107968K
  class space    used 8708K, capacity 9273K, committed 9292K, reserved 1048576K
}
Event: 11.978 GC heap after
{Heap after GC invocations=15 (full 0):
 garbage-first heap   total 189440K, used 49335K [0x0000000080000000, 0x0000000100000000)
  region size 1024K, 12 young (12288K), 12 survivors (12288K)
 Metaspace       used 66560K, capacity 68181K, committed 68428K, reserved 1107968K
  class space    used 8708K, capacity 9273K, committed 9292K, reserved 1048576K
}
Event: 14.199 GC heap before
{Heap before GC invocations=15 (full 0):
 garbage-first heap   total 189440K, used 141495K [0x0000000080000000, 0x0000000100000000)
  region size 1024K, 103 young (105472K), 12 survivors (12288K)
 Metaspace       used 74967K, capacity 76757K, committed 77004K, reserved 1116160K
  class space    used 9788K, capacity 10434K, committed 10444K, reserved 1048576K
}
Event: 14.231 GC heap after
{Heap after GC invocations=16 (full 0):
 garbage-first heap   total 227328K, used 55205K [0x0000000080000000, 0x0000000100000000)
  region size 1024K, 13 young (13312K), 13 survivors (13312K)
 Metaspace       used 74967K, capacity 76757K, committed 77004K, reserved 1116160K
  class space    used 9788K, capacity 10434K, committed 10444K, reserved 1048576K
}
Event: 17.295 GC heap before
{Heap before GC invocations=16 (full 0):
 garbage-first heap   total 227328K, used 173989K [0x0000000080000000, 0x0000000100000000)
  region size 1024K, 113 young (115712K), 13 survivors (13312K)
 Metaspace       used 79397K, capacity 81360K, committed 81612K, reserved 1120256K
  class space    used 10267K, capacity 10934K, committed 10956K, reserved 1048576K
}
Event: 17.331 GC heap after
{Heap after GC invocations=17 (full 0):
 garbage-first heap   total 227328K, used 59364K [0x0000000080000000, 0x0000000100000000)
  region size 1024K, 10 young (10240K), 10 survivors (10240K)
 Metaspace       used 79397K, capacity 81360K, committed 81612K, reserved 1120256K
  class space    used 10267K, capacity 10934K, committed 10956K, reserved 1048576K
}
Event: 19.521 GC heap before
{Heap before GC invocations=17 (full 0):
 garbage-first heap   total 227328K, used 185316K [0x0000000080000000, 0x0000000100000000)
  region size 1024K, 130 young (133120K), 10 survivors (10240K)
 Metaspace       used 84021K, capacity 86016K, committed 86220K, reserved 1124352K
  class space    used 10794K, capacity 11464K, committed 11468K, reserved 1048576K
}
Event: 19.550 GC heap after
{Heap after GC invocations=18 (full 0):
 garbage-first heap   total 227328K, used 73019K [0x0000000080000000, 0x0000000100000000)
  region size 1024K, 14 young (14336K), 14 survivors (14336K)
 Metaspace       used 84021K, capacity 86016K, committed 86220K, reserved 1124352K
  class space    used 10794K, capacity 11464K, committed 11468K, reserved 1048576K
}
Event: 21.504 GC heap before
{Heap before GC invocations=18 (full 0):
 garbage-first heap   total 227328K, used 188731K [0x0000000080000000, 0x0000000100000000)
  region size 1024K, 118 young (120832K), 14 survivors (14336K)
 Metaspace       used 88997K, capacity 91125K, committed 91212K, reserved 1128448K
  class space    used 11576K, capacity 12304K, committed 12364K, reserved 1048576K
}
Event: 21.605 GC heap after
{Heap after GC invocations=19 (full 0):
 garbage-first heap   total 235520K, used 108544K [0x0000000080000000, 0x0000000100000000)
  region size 1024K, 15 young (15360K), 15 survivors (15360K)
 Metaspace       used 88997K, capacity 91125K, committed 91212K, reserved 1128448K
  class space    used 11576K, capacity 12304K, committed 12364K, reserved 1048576K
}

