# JRE version: OpenJDK Runtime Environment (11.0.8+10) (build 11.0.8+10-b944.6842174)
# Java VM: OpenJDK 64-Bit Server VM (11.0.8+10-b944.6842174, mixed mode, tiered, compressed oops, g1 gc, windows-amd64)
Heap:
 garbage-first heap   total 291840K, used 164864K [0x0000000080000000, 0x0000000100000000)
  region size 1024K, 4 young (4096K), 4 survivors (4096K)
 Metaspace       used 119830K, capacity 122965K, committed 123236K, reserved 1157120K
  class space    used 14858K, capacity 15929K, committed 16024K, reserved 1048576K
GC Heap History (20 events):
Event: 552.277 GC heap after
{Heap after GC invocations=28 (full 0):
 garbage-first heap   total 227328K, used 132131K [0x0000000080000000, 0x0000000100000000)
  region size 1024K, 7 young (7168K), 7 survivors (7168K)
 Metaspace       used 109336K, capacity 112217K, committed 112612K, reserved 1146880K
  class space    used 13485K, capacity 14451K, committed 14616K, reserved 1048576K
}
Event: 552.834 GC heap before
{Heap before GC invocations=28 (full 0):
 garbage-first heap   total 227328K, used 180259K [0x0000000080000000, 0x0000000100000000)
  region size 1024K, 54 young (55296K), 7 survivors (7168K)
 Metaspace       used 110251K, capacity 113113K, committed 113380K, reserved 1148928K
  class space    used 13542K, capacity 14515K, committed 14616K, reserved 1048576K
}
Event: 552.841 GC heap after
{Heap after GC invocations=29 (full 0):
 garbage-first heap   total 227328K, used 130394K [0x0000000080000000, 0x0000000100000000)
  region size 1024K, 1 young (1024K), 1 survivors (1024K)
 Metaspace       used 110251K, capacity 113113K, committed 113380K, reserved 1148928K
  class space    used 13542K, capacity 14515K, committed 14616K, reserved 1048576K
}
Event: 554.149 GC heap before
{Heap before GC invocations=30 (full 0):
 garbage-first heap   total 227328K, used 171354K [0x0000000080000000, 0x0000000100000000)
  region size 1024K, 51 young (52224K), 1 survivors (1024K)
 Metaspace       used 112166K, capacity 115127K, committed 115428K, reserved 1150976K
  class space    used 13787K, capacity 14754K, committed 14872K, reserved 1048576K
}
Event: 554.156 GC heap after
{Heap after GC invocations=31 (full 0):
 garbage-first heap   total 227328K, used 121442K [0x0000000080000000, 0x0000000100000000)
  region size 1024K, 2 young (2048K), 2 survivors (2048K)
 Metaspace       used 112166K, capacity 115127K, committed 115428K, reserved 1150976K
  class space    used 13787K, capacity 14754K, committed 14872K, reserved 1048576K
}
Event: 554.305 GC heap before
{Heap before GC invocations=31 (full 0):
 garbage-first heap   total 227328K, used 129634K [0x0000000080000000, 0x0000000100000000)
  region size 1024K, 11 young (11264K), 2 survivors (2048K)
 Metaspace       used 113082K, capacity 116023K, committed 116324K, reserved 1150976K
  class space    used 13908K, capacity 14882K, committed 15000K, reserved 1048576K
}
Event: 554.326 GC heap after
{Heap after GC invocations=32 (full 0):
 garbage-first heap   total 227328K, used 104909K [0x0000000080000000, 0x0000000100000000)
  region size 1024K, 2 young (2048K), 2 survivors (2048K)
 Metaspace       used 113082K, capacity 116023K, committed 116324K, reserved 1150976K
  class space    used 13908K, capacity 14882K, committed 15000K, reserved 1048576K
}
Event: 555.773 GC heap before
{Heap before GC invocations=32 (full 0):
 garbage-first heap   total 227328K, used 170445K [0x0000000080000000, 0x0000000100000000)
  region size 1024K, 67 young (68608K), 2 survivors (2048K)
 Metaspace       used 115200K, capacity 118147K, committed 118372K, reserved 1153024K
  class space    used 14156K, capacity 15157K, committed 15256K, reserved 1048576K
}
Event: 555.788 GC heap after
{Heap after GC invocations=33 (full 0):
 garbage-first heap   total 227328K, used 109386K [0x0000000080000000, 0x0000000100000000)
  region size 1024K, 6 young (6144K), 6 survivors (6144K)
 Metaspace       used 115200K, capacity 118147K, committed 118372K, reserved 1153024K
  class space    used 14156K, capacity 15157K, committed 15256K, reserved 1048576K
}
Event: 557.100 GC heap before
{Heap before GC invocations=34 (full 0):
 garbage-first heap   total 227328K, used 187210K [0x0000000080000000, 0x0000000100000000)
  region size 1024K, 71 young (72704K), 6 survivors (6144K)
 Metaspace       used 116307K, capacity 119228K, committed 119524K, reserved 1153024K
  class space    used 14297K, capacity 15299K, committed 15384K, reserved 1048576K
}
Event: 557.127 GC heap after
{Heap after GC invocations=35 (full 0):
 garbage-first heap   total 227328K, used 129865K [0x0000000080000000, 0x0000000100000000)
  region size 1024K, 9 young (9216K), 9 survivors (9216K)
 Metaspace       used 116307K, capacity 119228K, committed 119524K, reserved 1153024K
  class space    used 14297K, capacity 15299K, committed 15384K, reserved 1048576K
}
Event: 557.139 GC heap before
{Heap before GC invocations=35 (full 0):
 garbage-first heap   total 227328K, used 131913K [0x0000000080000000, 0x0000000100000000)
  region size 1024K, 11 young (11264K), 9 survivors (9216K)
 Metaspace       used 116344K, capacity 119261K, committed 119524K, reserved 1153024K
  class space    used 14307K, capacity 15311K, committed 15384K, reserved 1048576K
}
Event: 557.159 GC heap after
{Heap after GC invocations=36 (full 0):
 garbage-first heap   total 227328K, used 128142K [0x0000000080000000, 0x0000000100000000)
  region size 1024K, 2 young (2048K), 2 survivors (2048K)
 Metaspace       used 116344K, capacity 119261K, committed 119524K, reserved 1153024K
  class space    used 14307K, capacity 15311K, committed 15384K, reserved 1048576K
}
Event: 557.563 GC heap before
{Heap before GC invocations=36 (full 0):
 garbage-first heap   total 227328K, used 179342K [0x0000000080000000, 0x0000000100000000)
  region size 1024K, 53 young (54272K), 2 survivors (2048K)
 Metaspace       used 117762K, capacity 120860K, committed 121188K, reserved 1155072K
  class space    used 14613K, capacity 15647K, committed 15768K, reserved 1048576K
}
Event: 557.592 GC heap after
{Heap after GC invocations=37 (full 0):
 garbage-first heap   total 227328K, used 136816K [0x0000000080000000, 0x0000000100000000)
  region size 1024K, 7 young (7168K), 7 survivors (7168K)
 Metaspace       used 117762K, capacity 120860K, committed 121188K, reserved 1155072K
  class space    used 14613K, capacity 15647K, committed 15768K, reserved 1048576K
}
Event: 558.361 GC heap before
{Heap before GC invocations=38 (full 0):
 garbage-first heap   total 227328K, used 181872K [0x0000000080000000, 0x0000000100000000)
  region size 1024K, 52 young (53248K), 7 survivors (7168K)
 Metaspace       used 118504K, capacity 121639K, committed 121828K, reserved 1155072K
  class space    used 14702K, capacity 15751K, committed 15896K, reserved 1048576K
}
Event: 558.421 GC heap after
{Heap after GC invocations=39 (full 0):
 garbage-first heap   total 227328K, used 155607K [0x0000000080000000, 0x0000000100000000)
  region size 1024K, 7 young (7168K), 7 survivors (7168K)
 Metaspace       used 118504K, capacity 121639K, committed 121828K, reserved 1155072K
  class space    used 14702K, capacity 15751K, committed 15896K, reserved 1048576K
}
Event: 558.461 GC heap before
{Heap before GC invocations=39 (full 0):
 garbage-first heap   total 227328K, used 159703K [0x0000000080000000, 0x0000000100000000)
  region size 1024K, 11 young (11264K), 7 survivors (7168K)
 Metaspace       used 118514K, capacity 121640K, committed 121828K, reserved 1155072K
  class space    used 14702K, capacity 15751K, committed 15896K, reserved 1048576K
}
Event: 558.488 GC heap after
{Heap after GC invocations=40 (full 0):
 garbage-first heap   total 227328K, used 158208K [0x0000000080000000, 0x0000000100000000)
  region size 1024K, 2 young (2048K), 2 survivors (2048K)
 Metaspace       used 118514K, capacity 121640K, committed 121828K, reserved 1155072K
  class space    used 14702K, capacity 15751K, committed 15896K, reserved 1048576K
}
Event: 558.923 GC heap before
{Heap before GC invocations=40 (full 0):
 garbage-first heap   total 227328K, used 182784K [0x0000000080000000, 0x0000000100000000)
  region size 1024K, 27 young (27648K), 2 survivors (2048K)
 Metaspace       used 119830K, capacity 122965K, committed 123236K, reserved 1157120K
  class space    used 14858K, capacity 15929K, committed 16024K, reserved 1048576K
}

