# JRE version: OpenJDK Runtime Environment (11.0.8+10) (build 11.0.8+10-b944.6842174)
# Java VM: OpenJDK 64-Bit Server VM (11.0.8+10-b944.6842174, mixed mode, tiered, compressed oops, g1 gc, windows-amd64)
Heap:
 garbage-first heap   total 314368K, used 116224K [0x0000000080000000, 0x0000000100000000)
  region size 1024K, 6 young (6144K), 6 survivors (6144K)
 Metaspace       used 88957K, capacity 91209K, committed 91340K, reserved 1128448K
  class space    used 11674K, capacity 12480K, committed 12492K, reserved 1048576K
GC Heap History (20 events):
Event: 7.325 GC heap after
{Heap after GC invocations=10 (full 0):
 garbage-first heap   total 157696K, used 24573K [0x0000000080000000, 0x0000000100000000)
  region size 1024K, 7 young (7168K), 7 survivors (7168K)
 Metaspace       used 41667K, capacity 42535K, committed 42624K, reserved 1085440K
  class space    used 5354K, capacity 5676K, committed 5760K, reserved 1048576K
}
Event: 8.448 GC heap before
{Heap before GC invocations=10 (full 0):
 garbage-first heap   total 157696K, used 99325K [0x0000000080000000, 0x0000000100000000)
  region size 1024K, 78 young (79872K), 7 survivors (7168K)
 Metaspace       used 44984K, capacity 46047K, committed 46208K, reserved 1089536K
  class space    used 5779K, capacity 6147K, committed 6272K, reserved 1048576K
}
Event: 8.467 GC heap after
{Heap after GC invocations=11 (full 0):
 garbage-first heap   total 157696K, used 35840K [0x0000000080000000, 0x0000000100000000)
  region size 1024K, 10 young (10240K), 10 survivors (10240K)
 Metaspace       used 44984K, capacity 46047K, committed 46208K, reserved 1089536K
  class space    used 5779K, capacity 6147K, committed 6272K, reserved 1048576K
}
Event: 9.849 GC heap before
{Heap before GC invocations=11 (full 0):
 garbage-first heap   total 157696K, used 106496K [0x0000000080000000, 0x0000000100000000)
  region size 1024K, 80 young (81920K), 10 survivors (10240K)
 Metaspace       used 55872K, capacity 57205K, committed 57344K, reserved 1099776K
  class space    used 7105K, capacity 7587K, committed 7680K, reserved 1048576K
}
Event: 9.868 GC heap after
{Heap after GC invocations=12 (full 0):
 garbage-first heap   total 189440K, used 39865K [0x0000000080000000, 0x0000000100000000)
  region size 1024K, 4 young (4096K), 4 survivors (4096K)
 Metaspace       used 55872K, capacity 57205K, committed 57344K, reserved 1099776K
  class space    used 7105K, capacity 7587K, committed 7680K, reserved 1048576K
}
Event: 10.520 GC heap before
{Heap before GC invocations=12 (full 0):
 garbage-first heap   total 189440K, used 73657K [0x0000000080000000, 0x0000000100000000)
  region size 1024K, 37 young (37888K), 4 survivors (4096K)
 Metaspace       used 58825K, capacity 60124K, committed 60160K, reserved 1101824K
  class space    used 7442K, capacity 7929K, committed 7936K, reserved 1048576K
}
Event: 10.534 GC heap after
{Heap after GC invocations=13 (full 0):
 garbage-first heap   total 189440K, used 42771K [0x0000000080000000, 0x0000000100000000)
  region size 1024K, 7 young (7168K), 7 survivors (7168K)
 Metaspace       used 58825K, capacity 60124K, committed 60160K, reserved 1101824K
  class space    used 7442K, capacity 7929K, committed 7936K, reserved 1048576K
}
Event: 12.220 GC heap before
{Heap before GC invocations=14 (full 0):
 garbage-first heap   total 189440K, used 127763K [0x0000000080000000, 0x0000000100000000)
  region size 1024K, 90 young (92160K), 7 survivors (7168K)
 Metaspace       used 66508K, capacity 68020K, committed 68172K, reserved 1107968K
  class space    used 8683K, capacity 9226K, committed 9292K, reserved 1048576K
}
Event: 12.252 GC heap after
{Heap after GC invocations=15 (full 0):
 garbage-first heap   total 189440K, used 47885K [0x0000000080000000, 0x0000000100000000)
  region size 1024K, 9 young (9216K), 9 survivors (9216K)
 Metaspace       used 66508K, capacity 68020K, committed 68172K, reserved 1107968K
  class space    used 8683K, capacity 9226K, committed 9292K, reserved 1048576K
}
Event: 14.359 GC heap before
{Heap before GC invocations=16 (full 0):
 garbage-first heap   total 189440K, used 136973K [0x0000000080000000, 0x0000000100000000)
  region size 1024K, 97 young (99328K), 9 survivors (9216K)
 Metaspace       used 74886K, capacity 76641K, committed 76748K, reserved 1116160K
  class space    used 9791K, capacity 10436K, committed 10444K, reserved 1048576K
}
Event: 14.385 GC heap after
{Heap after GC invocations=17 (full 0):
 garbage-first heap   total 189440K, used 53848K [0x0000000080000000, 0x0000000100000000)
  region size 1024K, 12 young (12288K), 12 survivors (12288K)
 Metaspace       used 74886K, capacity 76641K, committed 76748K, reserved 1116160K
  class space    used 9791K, capacity 10436K, committed 10444K, reserved 1048576K
}
Event: 16.469 GC heap before
{Heap before GC invocations=17 (full 0):
 garbage-first heap   total 189440K, used 141912K [0x0000000080000000, 0x0000000100000000)
  region size 1024K, 100 young (102400K), 12 survivors (12288K)
 Metaspace       used 77491K, capacity 79374K, committed 79692K, reserved 1118208K
  class space    used 10073K, capacity 10735K, committed 10828K, reserved 1048576K
}
Event: 16.505 GC heap after
{Heap after GC invocations=18 (full 0):
 garbage-first heap   total 227328K, used 59148K [0x0000000080000000, 0x0000000100000000)
  region size 1024K, 11 young (11264K), 11 survivors (11264K)
 Metaspace       used 77491K, capacity 79374K, committed 79692K, reserved 1118208K
  class space    used 10073K, capacity 10735K, committed 10828K, reserved 1048576K
}
Event: 18.038 GC heap before
{Heap before GC invocations=18 (full 0):
 garbage-first heap   total 227328K, used 161548K [0x0000000080000000, 0x0000000100000000)
  region size 1024K, 109 young (111616K), 11 survivors (11264K)
 Metaspace       used 81276K, capacity 83207K, committed 83404K, reserved 1122304K
  class space    used 10508K, capacity 11167K, committed 11212K, reserved 1048576K
}
Event: 18.069 GC heap after
{Heap after GC invocations=19 (full 0):
 garbage-first heap   total 227328K, used 69876K [0x0000000080000000, 0x0000000100000000)
  region size 1024K, 13 young (13312K), 13 survivors (13312K)
 Metaspace       used 81276K, capacity 83207K, committed 83404K, reserved 1122304K
  class space    used 10508K, capacity 11167K, committed 11212K, reserved 1048576K
}
Event: 19.614 GC heap before
{Heap before GC invocations=19 (full 0):
 garbage-first heap   total 227328K, used 184564K [0x0000000080000000, 0x0000000100000000)
  region size 1024K, 115 young (117760K), 13 survivors (13312K)
 Metaspace       used 86272K, capacity 88281K, committed 88396K, reserved 1126400K
  class space    used 11295K, capacity 12003K, committed 12108K, reserved 1048576K
}
Event: 19.740 GC heap after
{Heap after GC invocations=20 (full 0):
 garbage-first heap   total 231424K, used 107265K [0x0000000080000000, 0x0000000100000000)
  region size 1024K, 15 young (15360K), 15 survivors (15360K)
 Metaspace       used 86272K, capacity 88281K, committed 88396K, reserved 1126400K
  class space    used 11295K, capacity 12003K, committed 12108K, reserved 1048576K
}
Event: 19.779 GC heap before
{Heap before GC invocations=20 (full 0):
 garbage-first heap   total 231424K, used 108289K [0x0000000080000000, 0x0000000100000000)
  region size 1024K, 16 young (16384K), 15 survivors (15360K)
 Metaspace       used 86272K, capacity 88281K, committed 88396K, reserved 1126400K
  class space    used 11295K, capacity 12003K, committed 12108K, reserved 1048576K
}
Event: 19.832 GC heap after
{Heap after GC invocations=21 (full 0):
 garbage-first heap   total 231424K, used 109568K [0x0000000080000000, 0x0000000100000000)
  region size 1024K, 2 young (2048K), 2 survivors (2048K)
 Metaspace       used 86272K, capacity 88281K, committed 88396K, reserved 1126400K
  class space    used 11295K, capacity 12003K, committed 12108K, reserved 1048576K
}
Event: 20.914 GC heap before
{Heap before GC invocations=21 (full 0):
 garbage-first heap   total 231424K, used 149504K [0x0000000080000000, 0x0000000100000000)
  region size 1024K, 42 young (43008K), 2 survivors (2048K)
 Metaspace       used 88957K, capacity 91209K, committed 91340K, reserved 1128448K
  class space    used 11674K, capacity 12480K, committed 12492K, reserved 1048576K
}

