# JRE version: OpenJDK Runtime Environment (11.0.8+10) (build 11.0.8+10-b944.6842174)
# Java VM: OpenJDK 64-Bit Server VM (11.0.8+10-b944.6842174, mixed mode, tiered, compressed oops, g1 gc, windows-amd64)
Heap:
 garbage-first heap   total 284672K, used 118202K [0x0000000080000000, 0x0000000100000000)
  region size 1024K, 2 young (2048K), 2 survivors (2048K)
 Metaspace       used 91528K, capacity 93770K, committed 93900K, reserved 1130496K
  class space    used 11927K, capacity 12713K, committed 12800K, reserved 1048576K
GC Heap History (20 events):
Event: 11.615 GC heap after
{Heap after GC invocations=13 (full 0):
 garbage-first heap   total 189440K, used 43719K [0x0000000080000000, 0x0000000100000000)
  region size 1024K, 7 young (7168K), 7 survivors (7168K)
 Metaspace       used 58694K, capacity 60122K, committed 60160K, reserved 1101824K
  class space    used 7427K, capacity 7908K, committed 7936K, reserved 1048576K
}
Event: 13.232 GC heap before
{Heap before GC invocations=14 (full 0):
 garbage-first heap   total 189440K, used 118471K [0x0000000080000000, 0x0000000100000000)
  region size 1024K, 80 young (81920K), 7 survivors (7168K)
 Metaspace       used 65228K, capacity 66702K, committed 66892K, reserved 1107968K
  class space    used 8490K, capacity 9043K, committed 9088K, reserved 1048576K
}
Event: 13.253 GC heap after
{Heap after GC invocations=15 (full 0):
 garbage-first heap   total 189440K, used 48140K [0x0000000080000000, 0x0000000100000000)
  region size 1024K, 7 young (7168K), 7 survivors (7168K)
 Metaspace       used 65228K, capacity 66702K, committed 66892K, reserved 1107968K
  class space    used 8490K, capacity 9043K, committed 9088K, reserved 1048576K
}
Event: 14.944 GC heap before
{Heap before GC invocations=15 (full 0):
 garbage-first heap   total 189440K, used 124940K [0x0000000080000000, 0x0000000100000000)
  region size 1024K, 83 young (84992K), 7 survivors (7168K)
 Metaspace       used 74166K, capacity 75914K, committed 76108K, reserved 1116160K
  class space    used 9711K, capacity 10329K, committed 10368K, reserved 1048576K
}
Event: 14.971 GC heap after
{Heap after GC invocations=16 (full 0):
 garbage-first heap   total 189440K, used 53079K [0x0000000080000000, 0x0000000100000000)
  region size 1024K, 11 young (11264K), 11 survivors (11264K)
 Metaspace       used 74166K, capacity 75914K, committed 76108K, reserved 1116160K
  class space    used 9711K, capacity 10329K, committed 10368K, reserved 1048576K
}
Event: 16.879 GC heap before
{Heap before GC invocations=16 (full 0):
 garbage-first heap   total 189440K, used 132951K [0x0000000080000000, 0x0000000100000000)
  region size 1024K, 88 young (90112K), 11 survivors (11264K)
 Metaspace       used 76572K, capacity 78447K, committed 78668K, reserved 1118208K
  class space    used 9953K, capacity 10608K, committed 10624K, reserved 1048576K
}
Event: 16.918 GC heap after
{Heap after GC invocations=17 (full 0):
 garbage-first heap   total 189440K, used 67377K [0x0000000080000000, 0x0000000100000000)
  region size 1024K, 11 young (11264K), 11 survivors (11264K)
 Metaspace       used 76572K, capacity 78447K, committed 78668K, reserved 1118208K
  class space    used 9953K, capacity 10608K, committed 10624K, reserved 1048576K
}
Event: 18.853 GC heap before
{Heap before GC invocations=17 (full 0):
 garbage-first heap   total 189440K, used 149297K [0x0000000080000000, 0x0000000100000000)
  region size 1024K, 77 young (78848K), 11 survivors (11264K)
 Metaspace       used 79684K, capacity 81626K, committed 81868K, reserved 1120256K
  class space    used 10255K, capacity 10918K, committed 11008K, reserved 1048576K
}
Event: 18.884 GC heap after
{Heap after GC invocations=18 (full 0):
 garbage-first heap   total 189440K, used 73728K [0x0000000080000000, 0x0000000100000000)
  region size 1024K, 6 young (6144K), 6 survivors (6144K)
 Metaspace       used 79684K, capacity 81626K, committed 81868K, reserved 1120256K
  class space    used 10255K, capacity 10918K, committed 11008K, reserved 1048576K
}
Event: 20.089 GC heap before
{Heap before GC invocations=18 (full 0):
 garbage-first heap   total 189440K, used 139263K [0x0000000080000000, 0x0000000100000000)
  region size 1024K, 71 young (72704K), 6 survivors (6144K)
 Metaspace       used 83013K, capacity 85043K, committed 85068K, reserved 1122304K
  class space    used 10688K, capacity 11371K, committed 11392K, reserved 1048576K
}
Event: 20.116 GC heap after
{Heap after GC invocations=19 (full 0):
 garbage-first heap   total 227328K, used 77656K [0x0000000080000000, 0x0000000100000000)
  region size 1024K, 4 young (4096K), 4 survivors (4096K)
 Metaspace       used 83013K, capacity 85043K, committed 85068K, reserved 1122304K
  class space    used 10688K, capacity 11371K, committed 11392K, reserved 1048576K
}
Event: 21.436 GC heap before
{Heap before GC invocations=19 (full 0):
 garbage-first heap   total 227328K, used 168792K [0x0000000080000000, 0x0000000100000000)
  region size 1024K, 82 young (83968K), 4 survivors (4096K)
 Metaspace       used 86645K, capacity 88689K, committed 88908K, reserved 1126400K
  class space    used 11164K, capacity 11860K, committed 11904K, reserved 1048576K
}
Event: 21.457 GC heap after
{Heap after GC invocations=20 (full 0):
 garbage-first heap   total 227328K, used 98295K [0x0000000080000000, 0x0000000100000000)
  region size 1024K, 11 young (11264K), 11 survivors (11264K)
 Metaspace       used 86645K, capacity 88689K, committed 88908K, reserved 1126400K
  class space    used 11164K, capacity 11860K, committed 11904K, reserved 1048576K
}
Event: 22.538 GC heap before
{Heap before GC invocations=20 (full 0):
 garbage-first heap   total 227328K, used 170999K [0x0000000080000000, 0x0000000100000000)
  region size 1024K, 81 young (82944K), 11 survivors (11264K)
 Metaspace       used 89058K, capacity 91209K, committed 91468K, reserved 1128448K
  class space    used 11581K, capacity 12305K, committed 12416K, reserved 1048576K
}
Event: 22.615 GC heap after
{Heap after GC invocations=21 (full 0):
 garbage-first heap   total 227328K, used 123773K [0x0000000080000000, 0x0000000100000000)
  region size 1024K, 11 young (11264K), 11 survivors (11264K)
 Metaspace       used 89058K, capacity 91209K, committed 91468K, reserved 1128448K
  class space    used 11581K, capacity 12305K, committed 12416K, reserved 1048576K
}
Event: 22.944 GC heap before
{Heap before GC invocations=21 (full 0):
 garbage-first heap   total 227328K, used 138109K [0x0000000080000000, 0x0000000100000000)
  region size 1024K, 25 young (25600K), 11 survivors (11264K)
 Metaspace       used 90144K, capacity 92285K, committed 92620K, reserved 1130496K
  class space    used 11728K, capacity 12448K, committed 12544K, reserved 1048576K
}
Event: 23.011 GC heap after
{Heap after GC invocations=22 (full 0):
 garbage-first heap   total 227328K, used 131072K [0x0000000080000000, 0x0000000100000000)
  region size 1024K, 4 young (4096K), 4 survivors (4096K)
 Metaspace       used 90144K, capacity 92285K, committed 92620K, reserved 1130496K
  class space    used 11728K, capacity 12448K, committed 12544K, reserved 1048576K
}
Event: 23.852 GC heap before
{Heap before GC invocations=23 (full 0):
 garbage-first heap   total 227328K, used 153600K [0x0000000080000000, 0x0000000100000000)
  region size 1024K, 36 young (36864K), 4 survivors (4096K)
 Metaspace       used 91501K, capacity 93765K, committed 93900K, reserved 1130496K
  class space    used 11927K, capacity 12713K, committed 12800K, reserved 1048576K
}
Event: 23.878 GC heap after
{Heap after GC invocations=24 (full 0):
 garbage-first heap   total 227328K, used 127488K [0x0000000080000000, 0x0000000100000000)
  region size 1024K, 5 young (5120K), 5 survivors (5120K)
 Metaspace       used 91501K, capacity 93765K, committed 93900K, reserved 1130496K
  class space    used 11927K, capacity 12713K, committed 12800K, reserved 1048576K
}
Event: 23.986 GC heap before
{Heap before GC invocations=24 (full 0):
 garbage-first heap   total 227328K, used 132608K [0x0000000080000000, 0x0000000100000000)
  region size 1024K, 11 young (11264K), 5 survivors (5120K)
 Metaspace       used 91528K, capacity 93770K, committed 93900K, reserved 1130496K
  class space    used 11927K, capacity 12713K, committed 12800K, reserved 1048576K
}

